[main] 2021-08-18 12:48:19 INFO  com.app.Main  - ========================================
[main] 2021-08-18 12:48:19 INFO  com.app.Main  - Welcome to the Fashion's APP
[main] 2021-08-18 12:48:19 INFO  com.app.Main  - ========================================
[main] 2021-08-18 12:48:19 INFO  com.app.Main  - 
Login Option:
[main] 2021-08-18 12:48:19 INFO  com.app.Main  - 1)Login as Customer
[main] 2021-08-18 12:48:19 INFO  com.app.Main  - 2)Login as Employee
[main] 2021-08-18 12:48:19 INFO  com.app.Main  - 3)Register a new User
[main] 2021-08-18 12:48:19 INFO  com.app.Main  - 4)EXIT 
[main] 2021-08-18 12:48:19 INFO  com.app.Main  - ENTER YOUR CHOICE(1-4):
[main] 2021-08-18 12:48:53 INFO  com.app.Main  - Under construction
[main] 2021-08-18 12:48:53 INFO  com.app.Main  - 
Login Option:
[main] 2021-08-18 12:48:53 INFO  com.app.Main  - 1)Login as Customer
[main] 2021-08-18 12:48:53 INFO  com.app.Main  - 2)Login as Employee
[main] 2021-08-18 12:48:53 INFO  com.app.Main  - 3)Register a new User
[main] 2021-08-18 12:48:53 INFO  com.app.Main  - 4)EXIT 
[main] 2021-08-18 12:48:53 INFO  com.app.Main  - ENTER YOUR CHOICE(1-4):
[main] 2021-08-18 12:49:08 INFO  com.app.Main  - Thank you for your time,Hope to see you again
[main] 2021-08-18 12:49:08 INFO  com.app.Main  - 
Login Option:
[main] 2021-08-18 12:49:08 INFO  com.app.Main  - 1)Login as Customer
[main] 2021-08-18 12:49:08 INFO  com.app.Main  - 2)Login as Employee
[main] 2021-08-18 12:49:08 INFO  com.app.Main  - 3)Register a new User
[main] 2021-08-18 12:49:08 INFO  com.app.Main  - 4)EXIT 
[main] 2021-08-18 12:49:08 INFO  com.app.Main  - ENTER YOUR CHOICE(1-4):
[main] 2021-08-18 12:50:12 INFO  com.app.Main  - ========================================
[main] 2021-08-18 12:50:12 INFO  com.app.Main  - Welcome to the Fashion's APP
[main] 2021-08-18 12:50:12 INFO  com.app.Main  - ========================================
[main] 2021-08-18 12:50:12 INFO  com.app.Main  - 
Login Option:
[main] 2021-08-18 12:50:12 INFO  com.app.Main  - 1)Login as Customer
[main] 2021-08-18 12:50:12 INFO  com.app.Main  - 2)Login as Employee
[main] 2021-08-18 12:50:12 INFO  com.app.Main  - 3)Register a new User
[main] 2021-08-18 12:50:12 INFO  com.app.Main  - 4)EXIT 
[main] 2021-08-18 12:50:12 INFO  com.app.Main  - ENTER YOUR CHOICE(1-4):
[main] 2021-08-18 17:12:54 INFO  com.app.Main  - ========================================
[main] 2021-08-18 17:12:54 INFO  com.app.Main  - Welcome to the Fashion's APP
[main] 2021-08-18 17:12:54 INFO  com.app.Main  - ========================================
[main] 2021-08-18 17:12:54 INFO  com.app.Main  - 
Login Option:
[main] 2021-08-18 17:12:54 INFO  com.app.Main  - 1)Login as Customer
[main] 2021-08-18 17:12:54 INFO  com.app.Main  - 2)Login as Employee
[main] 2021-08-18 17:12:54 INFO  com.app.Main  - 3)Register a new User
[main] 2021-08-18 17:12:54 INFO  com.app.Main  - 4)EXIT 
[main] 2021-08-18 17:12:54 INFO  com.app.Main  - ENTER YOUR CHOICE(1-4):
[main] 2021-08-18 17:12:58 INFO  com.app.Main  - ========================================
[main] 2021-08-18 17:12:58 INFO  com.app.Main  - Welcome to Customer Login
[main] 2021-08-18 17:12:58 INFO  com.app.Main  - ========================================
[main] 2021-08-18 17:12:58 INFO  com.app.Main  - Enter the your email:
[main] 2021-08-18 17:13:22 INFO  com.app.Main  - Enter your Password:
[main] 2021-08-18 17:13:26 INFO  com.app.Main  - 
Login Option:
[main] 2021-08-18 17:13:26 INFO  com.app.Main  - 1)Login as Customer
[main] 2021-08-18 17:13:26 INFO  com.app.Main  - 2)Login as Employee
[main] 2021-08-18 17:13:26 INFO  com.app.Main  - 3)Register a new User
[main] 2021-08-18 17:13:26 INFO  com.app.Main  - 4)EXIT 
[main] 2021-08-18 17:13:26 INFO  com.app.Main  - ENTER YOUR CHOICE(1-4):
[main] 2021-08-18 19:12:14 INFO  com.app.Main  - ========================================
[main] 2021-08-18 19:12:14 INFO  com.app.Main  - Welcome to the Fashion's APP
[main] 2021-08-18 19:12:14 INFO  com.app.Main  - ========================================
[main] 2021-08-18 19:12:14 INFO  com.app.Main  - 
Login Option:
[main] 2021-08-18 19:12:14 INFO  com.app.Main  - 1)Login as Customer
[main] 2021-08-18 19:12:14 INFO  com.app.Main  - 2)Login as Employee
[main] 2021-08-18 19:12:14 INFO  com.app.Main  - 3)Register a new User
[main] 2021-08-18 19:12:14 INFO  com.app.Main  - 4)EXIT 
[main] 2021-08-18 19:12:14 INFO  com.app.Main  - ENTER YOUR CHOICE(1-4):
[main] 2021-08-18 19:12:18 INFO  com.app.Main  - ========================================
[main] 2021-08-18 19:12:18 INFO  com.app.Main  - Welcome to Customer Login
[main] 2021-08-18 19:12:18 INFO  com.app.Main  - ========================================
[main] 2021-08-18 19:12:18 INFO  com.app.Main  - Enter the your email:
[main] 2021-08-18 19:12:29 INFO  com.app.Main  - Enter your Password:
[main] 2021-08-18 19:12:33 INFO  com.app.Main  - 
Login Option:
[main] 2021-08-18 19:12:33 INFO  com.app.Main  - 1)Login as Customer
[main] 2021-08-18 19:12:33 INFO  com.app.Main  - 2)Login as Employee
[main] 2021-08-18 19:12:33 INFO  com.app.Main  - 3)Register a new User
[main] 2021-08-18 19:12:33 INFO  com.app.Main  - 4)EXIT 
[main] 2021-08-18 19:12:33 INFO  com.app.Main  - ENTER YOUR CHOICE(1-4):
[main] 2021-08-18 19:19:40 INFO  com.app.Main  - ========================================
[main] 2021-08-18 19:19:40 INFO  com.app.Main  - Welcome to the Fashion's APP
[main] 2021-08-18 19:19:40 INFO  com.app.Main  - ========================================
[main] 2021-08-18 19:19:40 INFO  com.app.Main  - 
Login Option:
[main] 2021-08-18 19:19:40 INFO  com.app.Main  - 1)Login as Customer
[main] 2021-08-18 19:19:40 INFO  com.app.Main  - 2)Login as Employee
[main] 2021-08-18 19:19:40 INFO  com.app.Main  - 3)Register a new User
[main] 2021-08-18 19:19:40 INFO  com.app.Main  - 4)EXIT 
[main] 2021-08-18 19:19:40 INFO  com.app.Main  - ENTER YOUR CHOICE(1-4):
[main] 2021-08-18 19:19:44 INFO  com.app.Main  - ========================================
[main] 2021-08-18 19:19:44 INFO  com.app.Main  - Welcome to Customer Login
[main] 2021-08-18 19:19:44 INFO  com.app.Main  - ========================================
[main] 2021-08-18 19:19:44 INFO  com.app.Main  - Enter the your email:
[main] 2021-08-18 19:19:48 INFO  com.app.Main  - Enter your Password:
[main] 2021-08-18 19:19:51 INFO  com.app.Main  - 
Login Option:
[main] 2021-08-18 19:19:51 INFO  com.app.Main  - 1)Login as Customer
[main] 2021-08-18 19:19:51 INFO  com.app.Main  - 2)Login as Employee
[main] 2021-08-18 19:19:51 INFO  com.app.Main  - 3)Register a new User
[main] 2021-08-18 19:19:51 INFO  com.app.Main  - 4)EXIT 
[main] 2021-08-18 19:19:51 INFO  com.app.Main  - ENTER YOUR CHOICE(1-4):
[main] 2021-08-18 19:20:24 INFO  com.app.Main  - ========================================
[main] 2021-08-18 19:20:24 INFO  com.app.Main  - Welcome to the Fashion's APP
[main] 2021-08-18 19:20:24 INFO  com.app.Main  - ========================================
[main] 2021-08-18 19:20:24 INFO  com.app.Main  - 
Login Option:
[main] 2021-08-18 19:20:24 INFO  com.app.Main  - 1)Login as Customer
[main] 2021-08-18 19:20:24 INFO  com.app.Main  - 2)Login as Employee
[main] 2021-08-18 19:20:24 INFO  com.app.Main  - 3)Register a new User
[main] 2021-08-18 19:20:24 INFO  com.app.Main  - 4)EXIT 
[main] 2021-08-18 19:20:24 INFO  com.app.Main  - ENTER YOUR CHOICE(1-4):
[main] 2021-08-18 19:20:27 INFO  com.app.Main  - ========================================
[main] 2021-08-18 19:20:27 INFO  com.app.Main  - Welcome to Customer Login
[main] 2021-08-18 19:20:27 INFO  com.app.Main  - ========================================
[main] 2021-08-18 19:20:27 INFO  com.app.Main  - Enter the your email:
[main] 2021-08-18 19:20:43 INFO  com.app.Main  - Enter your Password:
[main] 2021-08-18 19:20:46 INFO  com.app.Main  - 
Login Option:
[main] 2021-08-18 19:20:46 INFO  com.app.Main  - 1)Login as Customer
[main] 2021-08-18 19:20:46 INFO  com.app.Main  - 2)Login as Employee
[main] 2021-08-18 19:20:46 INFO  com.app.Main  - 3)Register a new User
[main] 2021-08-18 19:20:46 INFO  com.app.Main  - 4)EXIT 
[main] 2021-08-18 19:20:46 INFO  com.app.Main  - ENTER YOUR CHOICE(1-4):
[main] 2021-08-18 19:21:55 INFO  com.app.Main  - ========================================
[main] 2021-08-18 19:21:55 INFO  com.app.Main  - Welcome to the Fashion's APP
[main] 2021-08-18 19:21:55 INFO  com.app.Main  - ========================================
[main] 2021-08-18 19:21:55 INFO  com.app.Main  - 
Login Option:
[main] 2021-08-18 19:21:55 INFO  com.app.Main  - 1)Login as Customer
[main] 2021-08-18 19:21:55 INFO  com.app.Main  - 2)Login as Employee
[main] 2021-08-18 19:21:55 INFO  com.app.Main  - 3)Register a new User
[main] 2021-08-18 19:21:55 INFO  com.app.Main  - 4)EXIT 
[main] 2021-08-18 19:21:55 INFO  com.app.Main  - ENTER YOUR CHOICE(1-4):
[main] 2021-08-18 19:21:58 INFO  com.app.Main  - ========================================
[main] 2021-08-18 19:21:58 INFO  com.app.Main  - Welcome to Customer Login
[main] 2021-08-18 19:21:58 INFO  com.app.Main  - ========================================
[main] 2021-08-18 19:21:58 INFO  com.app.Main  - Enter the your email:
[main] 2021-08-18 19:22:06 INFO  com.app.Main  - Enter your Password:
[main] 2021-08-18 19:22:09 INFO  com.app.Main  - 
Login Option:
[main] 2021-08-18 19:22:09 INFO  com.app.Main  - 1)Login as Customer
[main] 2021-08-18 19:22:09 INFO  com.app.Main  - 2)Login as Employee
[main] 2021-08-18 19:22:09 INFO  com.app.Main  - 3)Register a new User
[main] 2021-08-18 19:22:09 INFO  com.app.Main  - 4)EXIT 
[main] 2021-08-18 19:22:09 INFO  com.app.Main  - ENTER YOUR CHOICE(1-4):
[main] 2021-08-18 20:27:42 INFO  com.app.Main  - ========================================
[main] 2021-08-18 20:27:42 INFO  com.app.Main  - Welcome to the Fashion's APP
[main] 2021-08-18 20:27:42 INFO  com.app.Main  - ========================================
[main] 2021-08-18 20:27:42 INFO  com.app.Main  - 
Login Option:
[main] 2021-08-18 20:27:42 INFO  com.app.Main  - 1)Login as Customer
[main] 2021-08-18 20:27:42 INFO  com.app.Main  - 2)Login as Employee
[main] 2021-08-18 20:27:42 INFO  com.app.Main  - 3)Register a new User
[main] 2021-08-18 20:27:42 INFO  com.app.Main  - 4)EXIT 
[main] 2021-08-18 20:27:42 INFO  com.app.Main  - ENTER YOUR CHOICE(1-4):
[main] 2021-08-18 20:27:49 INFO  com.app.Main  - ========================================
[main] 2021-08-18 20:27:49 INFO  com.app.Main  - Welcome to Customer Login
[main] 2021-08-18 20:27:49 INFO  com.app.Main  - ========================================
[main] 2021-08-18 20:27:49 INFO  com.app.Main  - Enter the your email:
[main] 2021-08-18 20:27:58 INFO  com.app.Main  - Enter your Password:
[main] 2021-08-18 20:28:03 INFO  com.app.Main  - 
Login Option:
[main] 2021-08-18 20:28:03 INFO  com.app.Main  - 1)Login as Customer
[main] 2021-08-18 20:28:03 INFO  com.app.Main  - 2)Login as Employee
[main] 2021-08-18 20:28:03 INFO  com.app.Main  - 3)Register a new User
[main] 2021-08-18 20:28:03 INFO  com.app.Main  - 4)EXIT 
[main] 2021-08-18 20:28:03 INFO  com.app.Main  - ENTER YOUR CHOICE(1-4):
[main] 2021-08-18 20:29:03 INFO  com.app.Main  - ========================================
[main] 2021-08-18 20:29:03 INFO  com.app.Main  - Welcome to the Fashion's APP
[main] 2021-08-18 20:29:03 INFO  com.app.Main  - ========================================
[main] 2021-08-18 20:29:03 INFO  com.app.Main  - 
Login Option:
[main] 2021-08-18 20:29:03 INFO  com.app.Main  - 1)Login as Customer
[main] 2021-08-18 20:29:03 INFO  com.app.Main  - 2)Login as Employee
[main] 2021-08-18 20:29:03 INFO  com.app.Main  - 3)Register a new User
[main] 2021-08-18 20:29:03 INFO  com.app.Main  - 4)EXIT 
[main] 2021-08-18 20:29:03 INFO  com.app.Main  - ENTER YOUR CHOICE(1-4):
[main] 2021-08-18 20:29:08 INFO  com.app.Main  - ========================================
[main] 2021-08-18 20:29:08 INFO  com.app.Main  - Welcome to Customer Login
[main] 2021-08-18 20:29:08 INFO  com.app.Main  - ========================================
[main] 2021-08-18 20:29:08 INFO  com.app.Main  - Enter the your email:
[main] 2021-08-18 20:29:17 INFO  com.app.Main  - Enter your Password:
[main] 2021-08-18 20:29:22 INFO  com.app.Main  - 
Login Option:
[main] 2021-08-18 20:29:22 INFO  com.app.Main  - 1)Login as Customer
[main] 2021-08-18 20:29:22 INFO  com.app.Main  - 2)Login as Employee
[main] 2021-08-18 20:29:22 INFO  com.app.Main  - 3)Register a new User
[main] 2021-08-18 20:29:22 INFO  com.app.Main  - 4)EXIT 
[main] 2021-08-18 20:29:22 INFO  com.app.Main  - ENTER YOUR CHOICE(1-4):
[main] 2021-08-18 20:30:20 INFO  com.app.Main  - ========================================
[main] 2021-08-18 20:30:20 INFO  com.app.Main  - Welcome to the Fashion's APP
[main] 2021-08-18 20:30:20 INFO  com.app.Main  - ========================================
[main] 2021-08-18 20:30:20 INFO  com.app.Main  - 
Login Option:
[main] 2021-08-18 20:30:20 INFO  com.app.Main  - 1)Login as Customer
[main] 2021-08-18 20:30:20 INFO  com.app.Main  - 2)Login as Employee
[main] 2021-08-18 20:30:20 INFO  com.app.Main  - 3)Register a new User
[main] 2021-08-18 20:30:20 INFO  com.app.Main  - 4)EXIT 
[main] 2021-08-18 20:30:20 INFO  com.app.Main  - ENTER YOUR CHOICE(1-4):
[main] 2021-08-18 20:30:22 INFO  com.app.Main  - ========================================
[main] 2021-08-18 20:30:22 INFO  com.app.Main  - Welcome to Customer Login
[main] 2021-08-18 20:30:22 INFO  com.app.Main  - ========================================
[main] 2021-08-18 20:30:22 INFO  com.app.Main  - Enter the your email:
[main] 2021-08-18 20:30:31 INFO  com.app.Main  - Enter your Password:
[main] 2021-08-18 20:30:34 INFO  com.app.Main  - 
Login Option:
[main] 2021-08-18 20:30:34 INFO  com.app.Main  - 1)Login as Customer
[main] 2021-08-18 20:30:34 INFO  com.app.Main  - 2)Login as Employee
[main] 2021-08-18 20:30:34 INFO  com.app.Main  - 3)Register a new User
[main] 2021-08-18 20:30:34 INFO  com.app.Main  - 4)EXIT 
[main] 2021-08-18 20:30:34 INFO  com.app.Main  - ENTER YOUR CHOICE(1-4):
[main] 2021-08-18 20:30:58 INFO  com.app.Main  - ========================================
[main] 2021-08-18 20:30:58 INFO  com.app.Main  - Welcome to the Fashion's APP
[main] 2021-08-18 20:30:58 INFO  com.app.Main  - ========================================
[main] 2021-08-18 20:30:58 INFO  com.app.Main  - 
Login Option:
[main] 2021-08-18 20:30:58 INFO  com.app.Main  - 1)Login as Customer
[main] 2021-08-18 20:30:58 INFO  com.app.Main  - 2)Login as Employee
[main] 2021-08-18 20:30:58 INFO  com.app.Main  - 3)Register a new User
[main] 2021-08-18 20:30:58 INFO  com.app.Main  - 4)EXIT 
[main] 2021-08-18 20:30:58 INFO  com.app.Main  - ENTER YOUR CHOICE(1-4):
[main] 2021-08-18 20:31:03 INFO  com.app.Main  - ========================================
[main] 2021-08-18 20:31:03 INFO  com.app.Main  - Welcome to Customer Login
[main] 2021-08-18 20:31:03 INFO  com.app.Main  - ========================================
[main] 2021-08-18 20:31:03 INFO  com.app.Main  - Enter the your email:
[main] 2021-08-18 20:31:11 INFO  com.app.Main  - Enter your Password:
[main] 2021-08-18 20:31:14 INFO  com.app.Main  - 
Login Option:
[main] 2021-08-18 20:31:14 INFO  com.app.Main  - 1)Login as Customer
[main] 2021-08-18 20:31:14 INFO  com.app.Main  - 2)Login as Employee
[main] 2021-08-18 20:31:14 INFO  com.app.Main  - 3)Register a new User
[main] 2021-08-18 20:31:14 INFO  com.app.Main  - 4)EXIT 
[main] 2021-08-18 20:31:14 INFO  com.app.Main  - ENTER YOUR CHOICE(1-4):
[main] 2021-08-18 21:18:21 INFO  com.app.Main  - ========================================
[main] 2021-08-18 21:18:21 INFO  com.app.Main  - Welcome to the Fashion's APP
[main] 2021-08-18 21:18:21 INFO  com.app.Main  - ========================================
[main] 2021-08-18 21:18:21 INFO  com.app.Main  - 
Login Option:
[main] 2021-08-18 21:18:21 INFO  com.app.Main  - 1)Login as Customer
[main] 2021-08-18 21:18:21 INFO  com.app.Main  - 2)Login as Employee
[main] 2021-08-18 21:18:21 INFO  com.app.Main  - 3)Register a new User
[main] 2021-08-18 21:18:21 INFO  com.app.Main  - 4)EXIT 
[main] 2021-08-18 21:18:21 INFO  com.app.Main  - ENTER YOUR CHOICE(1-4):
[main] 2021-08-18 21:18:34 INFO  com.app.Main  - ========================================
[main] 2021-08-18 21:18:34 INFO  com.app.Main  - Welcome to Customer Login
[main] 2021-08-18 21:18:34 INFO  com.app.Main  - ========================================
[main] 2021-08-18 21:18:34 INFO  com.app.Main  - Enter the your email:
[main] 2021-08-18 21:18:48 INFO  com.app.Main  - Enter your Password:
[main] 2021-08-18 21:18:53 INFO  com.app.Main  - 
Login Option:
[main] 2021-08-18 21:18:53 INFO  com.app.Main  - 1)Login as Customer
[main] 2021-08-18 21:18:53 INFO  com.app.Main  - 2)Login as Employee
[main] 2021-08-18 21:18:53 INFO  com.app.Main  - 3)Register a new User
[main] 2021-08-18 21:18:53 INFO  com.app.Main  - 4)EXIT 
[main] 2021-08-18 21:18:53 INFO  com.app.Main  - ENTER YOUR CHOICE(1-4):
[main] 2021-08-18 21:45:59 INFO  com.app.Main  - ========================================
[main] 2021-08-18 21:45:59 INFO  com.app.Main  - Welcome to the Fashion's APP
[main] 2021-08-18 21:45:59 INFO  com.app.Main  - ========================================
[main] 2021-08-18 21:45:59 INFO  com.app.Main  - 
Login Option:
[main] 2021-08-18 21:45:59 INFO  com.app.Main  - 1)Login as Customer
[main] 2021-08-18 21:45:59 INFO  com.app.Main  - 2)Login as Employee
[main] 2021-08-18 21:45:59 INFO  com.app.Main  - 3)Register a new User
[main] 2021-08-18 21:45:59 INFO  com.app.Main  - 4)EXIT 
[main] 2021-08-18 21:45:59 INFO  com.app.Main  - ENTER YOUR CHOICE(1-4):
[main] 2021-08-18 22:51:22 INFO  com.app.Main  - ========================================
[main] 2021-08-18 22:51:22 INFO  com.app.Main  - Welcome to the Fashion's APP
[main] 2021-08-18 22:51:22 INFO  com.app.Main  - ========================================
[main] 2021-08-18 22:51:22 INFO  com.app.Main  - 
Login Option:
[main] 2021-08-18 22:51:22 INFO  com.app.Main  - 1)Login as Customer
[main] 2021-08-18 22:51:22 INFO  com.app.Main  - 2)Login as Employee
[main] 2021-08-18 22:51:22 INFO  com.app.Main  - 3)Register a new User
[main] 2021-08-18 22:51:22 INFO  com.app.Main  - 4)EXIT 
[main] 2021-08-18 22:51:22 INFO  com.app.Main  - ENTER YOUR CHOICE(1-4):
[main] 2021-08-18 22:51:29 INFO  com.app.Main  - ========================================
[main] 2021-08-18 22:51:29 INFO  com.app.Main  - Welcome to Customer Login
[main] 2021-08-18 22:51:29 INFO  com.app.Main  - ========================================
[main] 2021-08-18 22:51:29 INFO  com.app.Main  - Enter the your email:
[main] 2021-08-18 22:51:41 INFO  com.app.Main  - Enter your Password:
[main] 2021-08-18 22:51:46 INFO  com.app.Main  - 
Login Option:
[main] 2021-08-18 22:51:46 INFO  com.app.Main  - 1)Login as Customer
[main] 2021-08-18 22:51:46 INFO  com.app.Main  - 2)Login as Employee
[main] 2021-08-18 22:51:46 INFO  com.app.Main  - 3)Register a new User
[main] 2021-08-18 22:51:46 INFO  com.app.Main  - 4)EXIT 
[main] 2021-08-18 22:51:46 INFO  com.app.Main  - ENTER YOUR CHOICE(1-4):
[main] 2021-08-18 23:02:09 INFO  com.app.Main  - ========================================
[main] 2021-08-18 23:02:09 INFO  com.app.Main  - Welcome to the Fashion's APP
[main] 2021-08-18 23:02:09 INFO  com.app.Main  - ========================================
[main] 2021-08-18 23:02:09 INFO  com.app.Main  - 
Login Option:
[main] 2021-08-18 23:02:09 INFO  com.app.Main  - 1)Login as Customer
[main] 2021-08-18 23:02:09 INFO  com.app.Main  - 2)Login as Employee
[main] 2021-08-18 23:02:09 INFO  com.app.Main  - 3)Register a new User
[main] 2021-08-18 23:02:09 INFO  com.app.Main  - 4)EXIT 
[main] 2021-08-18 23:02:09 INFO  com.app.Main  - ENTER YOUR CHOICE(1-4):
[main] 2021-08-18 23:02:15 INFO  com.app.Main  - ========================================
[main] 2021-08-18 23:02:15 INFO  com.app.Main  - Welcome to Customer Login
[main] 2021-08-18 23:02:15 INFO  com.app.Main  - ========================================
[main] 2021-08-18 23:02:15 INFO  com.app.Main  - Enter the your email:
[main] 2021-08-18 23:02:22 INFO  com.app.Main  - Enter your Password:
[main] 2021-08-18 23:02:26 INFO  com.app.Main  - 
Login Option:
[main] 2021-08-18 23:02:26 INFO  com.app.Main  - 1)Login as Customer
[main] 2021-08-18 23:02:26 INFO  com.app.Main  - 2)Login as Employee
[main] 2021-08-18 23:02:26 INFO  com.app.Main  - 3)Register a new User
[main] 2021-08-18 23:02:26 INFO  com.app.Main  - 4)EXIT 
[main] 2021-08-18 23:02:26 INFO  com.app.Main  - ENTER YOUR CHOICE(1-4):
[main] 2021-08-18 23:03:35 INFO  com.app.Main  - ========================================
[main] 2021-08-18 23:03:35 INFO  com.app.Main  - Welcome to the Fashion's APP
[main] 2021-08-18 23:03:35 INFO  com.app.Main  - ========================================
[main] 2021-08-18 23:03:35 INFO  com.app.Main  - 
Login Option:
[main] 2021-08-18 23:03:35 INFO  com.app.Main  - 1)Login as Customer
[main] 2021-08-18 23:03:35 INFO  com.app.Main  - 2)Login as Employee
[main] 2021-08-18 23:03:35 INFO  com.app.Main  - 3)Register a new User
[main] 2021-08-18 23:03:35 INFO  com.app.Main  - 4)EXIT 
[main] 2021-08-18 23:03:35 INFO  com.app.Main  - ENTER YOUR CHOICE(1-4):
[main] 2021-08-18 23:03:41 INFO  com.app.Main  - ========================================
[main] 2021-08-18 23:03:41 INFO  com.app.Main  - Welcome to Customer Login
[main] 2021-08-18 23:03:41 INFO  com.app.Main  - ========================================
[main] 2021-08-18 23:03:41 INFO  com.app.Main  - Enter the your email:
[main] 2021-08-18 23:03:49 INFO  com.app.Main  - Enter your Password:
[main] 2021-08-18 23:03:52 INFO  com.app.Main  - 
Login Option:
[main] 2021-08-18 23:03:52 INFO  com.app.Main  - 1)Login as Customer
[main] 2021-08-18 23:03:52 INFO  com.app.Main  - 2)Login as Employee
[main] 2021-08-18 23:03:52 INFO  com.app.Main  - 3)Register a new User
[main] 2021-08-18 23:03:52 INFO  com.app.Main  - 4)EXIT 
[main] 2021-08-18 23:03:52 INFO  com.app.Main  - ENTER YOUR CHOICE(1-4):
[main] 2021-08-18 23:05:12 INFO  com.app.Main  - ========================================
[main] 2021-08-18 23:05:12 INFO  com.app.Main  - Welcome to the Fashion's APP
[main] 2021-08-18 23:05:12 INFO  com.app.Main  - ========================================
[main] 2021-08-18 23:05:12 INFO  com.app.Main  - 
Login Option:
[main] 2021-08-18 23:05:12 INFO  com.app.Main  - 1)Login as Customer
[main] 2021-08-18 23:05:12 INFO  com.app.Main  - 2)Login as Employee
[main] 2021-08-18 23:05:12 INFO  com.app.Main  - 3)Register a new User
[main] 2021-08-18 23:05:12 INFO  com.app.Main  - 4)EXIT 
[main] 2021-08-18 23:05:12 INFO  com.app.Main  - ENTER YOUR CHOICE(1-4):
[main] 2021-08-18 23:05:15 INFO  com.app.Main  - ========================================
[main] 2021-08-18 23:05:15 INFO  com.app.Main  - Welcome to Customer Login
[main] 2021-08-18 23:05:15 INFO  com.app.Main  - ========================================
[main] 2021-08-18 23:05:15 INFO  com.app.Main  - Enter the your email:
[main] 2021-08-18 23:05:21 INFO  com.app.Main  - Enter your Password:
[main] 2021-08-18 23:05:25 INFO  com.app.Main  - 
Login Option:
[main] 2021-08-18 23:05:25 INFO  com.app.Main  - 1)Login as Customer
[main] 2021-08-18 23:05:25 INFO  com.app.Main  - 2)Login as Employee
[main] 2021-08-18 23:05:25 INFO  com.app.Main  - 3)Register a new User
[main] 2021-08-18 23:05:25 INFO  com.app.Main  - 4)EXIT 
[main] 2021-08-18 23:05:25 INFO  com.app.Main  - ENTER YOUR CHOICE(1-4):
[main] 2021-08-18 23:05:31 INFO  com.app.Main  - ========================================
[main] 2021-08-18 23:05:31 INFO  com.app.Main  - Welcome to Customer Login
[main] 2021-08-18 23:05:31 INFO  com.app.Main  - ========================================
[main] 2021-08-18 23:05:31 INFO  com.app.Main  - Enter the your email:
[main] 2021-08-18 23:05:32 INFO  com.app.Main  - Enter your Password:
[main] 2021-08-18 23:05:37 INFO  com.app.Main  - 
Login Option:
[main] 2021-08-18 23:05:37 INFO  com.app.Main  - 1)Login as Customer
[main] 2021-08-18 23:05:37 INFO  com.app.Main  - 2)Login as Employee
[main] 2021-08-18 23:05:37 INFO  com.app.Main  - 3)Register a new User
[main] 2021-08-18 23:05:37 INFO  com.app.Main  - 4)EXIT 
[main] 2021-08-18 23:05:37 INFO  com.app.Main  - ENTER YOUR CHOICE(1-4):
[main] 2021-08-18 23:05:43 INFO  com.app.Main  - ========================================
[main] 2021-08-18 23:05:43 INFO  com.app.Main  - Welcome to Customer Login
[main] 2021-08-18 23:05:43 INFO  com.app.Main  - ========================================
[main] 2021-08-18 23:05:43 INFO  com.app.Main  - Enter the your email:
[main] 2021-08-18 23:05:49 INFO  com.app.Main  - Enter your Password:
[main] 2021-08-18 23:05:51 INFO  com.app.Main  - 
Login Option:
[main] 2021-08-18 23:05:51 INFO  com.app.Main  - 1)Login as Customer
[main] 2021-08-18 23:05:51 INFO  com.app.Main  - 2)Login as Employee
[main] 2021-08-18 23:05:51 INFO  com.app.Main  - 3)Register a new User
[main] 2021-08-18 23:05:51 INFO  com.app.Main  - 4)EXIT 
[main] 2021-08-18 23:05:51 INFO  com.app.Main  - ENTER YOUR CHOICE(1-4):
[main] 2021-08-18 23:35:39 INFO  com.app.Main  - ========================================
[main] 2021-08-18 23:35:39 INFO  com.app.Main  - Welcome to the Fashion's APP
[main] 2021-08-18 23:35:39 INFO  com.app.Main  - ========================================
[main] 2021-08-18 23:35:39 INFO  com.app.Main  - 
Login Option:
[main] 2021-08-18 23:35:39 INFO  com.app.Main  - 1)Login as Customer
[main] 2021-08-18 23:35:39 INFO  com.app.Main  - 2)Login as Employee
[main] 2021-08-18 23:35:39 INFO  com.app.Main  - 3)Register a new User
[main] 2021-08-18 23:35:39 INFO  com.app.Main  - 4)EXIT 
[main] 2021-08-18 23:35:39 INFO  com.app.Main  - ENTER YOUR CHOICE(1-4):
[main] 2021-08-18 23:35:46 INFO  com.app.Main  - ========================================
[main] 2021-08-18 23:35:46 INFO  com.app.Main  - Welcome to Customer Login
[main] 2021-08-18 23:35:46 INFO  com.app.Main  - ========================================
[main] 2021-08-18 23:35:46 INFO  com.app.Main  - Enter the your email:
[main] 2021-08-18 23:35:54 INFO  com.app.Main  - Enter your Password:
[main] 2021-08-18 23:35:55 INFO  com.app.Main  - 
Hey customer
[main] 2021-08-18 23:35:55 INFO  com.app.Main  - 1)Search Product
[main] 2021-08-18 23:35:55 INFO  com.app.Main  - 2)View Cart
[main] 2021-08-18 23:35:55 INFO  com.app.Main  - 3)EXIT 
[main] 2021-08-18 23:35:55 INFO  com.app.Main  - ENTER YOUR CHOICE(1-3):
[main] 2021-08-18 23:36:13 INFO  com.app.Main  - Thank you for your time,Hope to see you again
[main] 2021-08-18 23:36:13 INFO  com.app.Main  - 
Hey customer
[main] 2021-08-18 23:36:13 INFO  com.app.Main  - 1)Search Product
[main] 2021-08-18 23:36:13 INFO  com.app.Main  - 2)View Cart
[main] 2021-08-18 23:36:13 INFO  com.app.Main  - 3)EXIT 
[main] 2021-08-18 23:36:13 INFO  com.app.Main  - ENTER YOUR CHOICE(1-3):
[main] 2021-08-18 23:36:31 INFO  com.app.Main  - ========================================
[main] 2021-08-18 23:36:31 INFO  com.app.Main  - Welcome to the Fashion's APP
[main] 2021-08-18 23:36:31 INFO  com.app.Main  - ========================================
[main] 2021-08-18 23:36:31 INFO  com.app.Main  - 
Login Option:
[main] 2021-08-18 23:36:31 INFO  com.app.Main  - 1)Login as Customer
[main] 2021-08-18 23:36:31 INFO  com.app.Main  - 2)Login as Employee
[main] 2021-08-18 23:36:31 INFO  com.app.Main  - 3)Register a new User
[main] 2021-08-18 23:36:31 INFO  com.app.Main  - 4)EXIT 
[main] 2021-08-18 23:36:31 INFO  com.app.Main  - ENTER YOUR CHOICE(1-4):
[main] 2021-08-18 23:37:06 INFO  com.app.Main  - ========================================
[main] 2021-08-18 23:37:06 INFO  com.app.Main  - Welcome to the Fashion's APP
[main] 2021-08-18 23:37:06 INFO  com.app.Main  - ========================================
[main] 2021-08-18 23:37:06 INFO  com.app.Main  - 
Login Option:
[main] 2021-08-18 23:37:06 INFO  com.app.Main  - 1)Login as Customer
[main] 2021-08-18 23:37:06 INFO  com.app.Main  - 2)Login as Employee
[main] 2021-08-18 23:37:06 INFO  com.app.Main  - 3)Register a new User
[main] 2021-08-18 23:37:06 INFO  com.app.Main  - 4)EXIT 
[main] 2021-08-18 23:37:06 INFO  com.app.Main  - ENTER YOUR CHOICE(1-4):
[main] 2021-08-18 23:37:11 INFO  com.app.Main  - ========================================
[main] 2021-08-18 23:37:11 INFO  com.app.Main  - Welcome to Customer Login
[main] 2021-08-18 23:37:11 INFO  com.app.Main  - ========================================
[main] 2021-08-18 23:37:11 INFO  com.app.Main  - Enter the your email:
[main] 2021-08-18 23:37:20 INFO  com.app.Main  - Enter your Password:
[main] 2021-08-18 23:37:22 INFO  com.app.Main  - 
Hey customer
[main] 2021-08-18 23:37:22 INFO  com.app.Main  - 1)Search Product
[main] 2021-08-18 23:37:22 INFO  com.app.Main  - 2)View Cart
[main] 2021-08-18 23:37:22 INFO  com.app.Main  - 3)EXIT 
[main] 2021-08-18 23:37:22 INFO  com.app.Main  - ENTER YOUR CHOICE(1-3):
[main] 2021-08-18 23:37:24 INFO  com.app.Main  - Thank you for your time,Hope to see you again
[main] 2021-08-18 23:37:24 INFO  com.app.Main  - 
Login Option:
[main] 2021-08-18 23:37:24 INFO  com.app.Main  - 1)Login as Customer
[main] 2021-08-18 23:37:24 INFO  com.app.Main  - 2)Login as Employee
[main] 2021-08-18 23:37:24 INFO  com.app.Main  - 3)Register a new User
[main] 2021-08-18 23:37:24 INFO  com.app.Main  - 4)EXIT 
[main] 2021-08-18 23:37:24 INFO  com.app.Main  - ENTER YOUR CHOICE(1-4):
[main] 2021-08-19 01:03:42 INFO  com.app.Main  - ========================================
[main] 2021-08-19 01:03:42 INFO  com.app.Main  - Welcome to the Fashion's APP
[main] 2021-08-19 01:03:42 INFO  com.app.Main  - ========================================
[main] 2021-08-19 01:03:42 INFO  com.app.Main  - 
Login Option:
[main] 2021-08-19 01:03:42 INFO  com.app.Main  - 1)Login as Customer
[main] 2021-08-19 01:03:42 INFO  com.app.Main  - 2)Login as Employee
[main] 2021-08-19 01:03:42 INFO  com.app.Main  - 3)Register a new User
[main] 2021-08-19 01:03:42 INFO  com.app.Main  - 4)EXIT 
[main] 2021-08-19 01:03:42 INFO  com.app.Main  - ENTER YOUR CHOICE(1-4):
[main] 2021-08-19 01:04:00 WARN  com.app.Main  - Choose a valid option
[main] 2021-08-19 01:04:44 INFO  com.app.Main  - ========================================
[main] 2021-08-19 01:04:44 INFO  com.app.Main  - Welcome to the Fashion's APP
[main] 2021-08-19 01:04:44 INFO  com.app.Main  - ========================================
[main] 2021-08-19 01:04:44 INFO  com.app.Main  - 
Login Option:
[main] 2021-08-19 01:04:44 INFO  com.app.Main  - 1)Login as Customer
[main] 2021-08-19 01:04:44 INFO  com.app.Main  - 2)Login as Employee
[main] 2021-08-19 01:04:44 INFO  com.app.Main  - 3)Register a new User
[main] 2021-08-19 01:04:44 INFO  com.app.Main  - 4)EXIT 
[main] 2021-08-19 01:04:44 INFO  com.app.Main  - ENTER YOUR CHOICE(1-4):
[main] 2021-08-19 01:04:56 INFO  com.app.Main  - ========================================
[main] 2021-08-19 01:04:56 INFO  com.app.Main  - Welcome to Customer Login
[main] 2021-08-19 01:04:56 INFO  com.app.Main  - ========================================
[main] 2021-08-19 01:04:56 INFO  com.app.Main  - Enter the your email:
[main] 2021-08-19 01:05:08 INFO  com.app.Main  - Enter your Password:
[main] 2021-08-19 01:05:22 INFO  com.app.Main  - 
Login Option:
[main] 2021-08-19 01:05:22 INFO  com.app.Main  - 1)Login as Customer
[main] 2021-08-19 01:05:22 INFO  com.app.Main  - 2)Login as Employee
[main] 2021-08-19 01:05:22 INFO  com.app.Main  - 3)Register a new User
[main] 2021-08-19 01:05:22 INFO  com.app.Main  - 4)EXIT 
[main] 2021-08-19 01:05:22 INFO  com.app.Main  - ENTER YOUR CHOICE(1-4):
[main] 2021-08-19 01:09:26 INFO  com.app.Main  - ========================================
[main] 2021-08-19 01:09:26 INFO  com.app.Main  - Welcome to the Fashion's APP
[main] 2021-08-19 01:09:26 INFO  com.app.Main  - ========================================
[main] 2021-08-19 01:09:26 INFO  com.app.Main  - 
Login Option:
[main] 2021-08-19 01:09:26 INFO  com.app.Main  - 1)Login as Customer
[main] 2021-08-19 01:09:26 INFO  com.app.Main  - 2)Login as Employee
[main] 2021-08-19 01:09:26 INFO  com.app.Main  - 3)Register a new User
[main] 2021-08-19 01:09:26 INFO  com.app.Main  - 4)EXIT 
[main] 2021-08-19 01:09:26 INFO  com.app.Main  - ENTER YOUR CHOICE(1-4):
[main] 2021-08-19 01:09:28 WARN  com.app.Main  - Choose a valid option
[main] 2021-08-19 01:09:28 INFO  com.app.Main  - 
Login Option:
[main] 2021-08-19 01:09:28 INFO  com.app.Main  - 1)Login as Customer
[main] 2021-08-19 01:09:28 INFO  com.app.Main  - 2)Login as Employee
[main] 2021-08-19 01:09:28 INFO  com.app.Main  - 3)Register a new User
[main] 2021-08-19 01:09:28 INFO  com.app.Main  - 4)EXIT 
[main] 2021-08-19 01:09:28 INFO  com.app.Main  - ENTER YOUR CHOICE(1-4):
[main] 2021-08-19 01:09:29 INFO  com.app.Main  - ========================================
[main] 2021-08-19 01:09:29 INFO  com.app.Main  - Welcome to Customer Login
[main] 2021-08-19 01:09:29 INFO  com.app.Main  - ========================================
[main] 2021-08-19 01:09:29 INFO  com.app.Main  - Enter the your email:
[main] 2021-08-19 01:09:36 INFO  com.app.Main  - Enter your Password:
[main] 2021-08-19 01:10:23 INFO  com.app.Main  - ========================================
[main] 2021-08-19 01:10:23 INFO  com.app.Main  - Welcome to the Fashion's APP
[main] 2021-08-19 01:10:23 INFO  com.app.Main  - ========================================
[main] 2021-08-19 01:10:23 INFO  com.app.Main  - 
Login Option:
[main] 2021-08-19 01:10:23 INFO  com.app.Main  - 1)Login as Customer
[main] 2021-08-19 01:10:23 INFO  com.app.Main  - 2)Login as Employee
[main] 2021-08-19 01:10:23 INFO  com.app.Main  - 3)Register a new User
[main] 2021-08-19 01:10:23 INFO  com.app.Main  - 4)EXIT 
[main] 2021-08-19 01:10:23 INFO  com.app.Main  - ENTER YOUR CHOICE(1-4):
[main] 2021-08-19 01:10:28 INFO  com.app.Main  - ========================================
[main] 2021-08-19 01:10:28 INFO  com.app.Main  - Welcome to Customer Login
[main] 2021-08-19 01:10:28 INFO  com.app.Main  - ========================================
[main] 2021-08-19 01:10:28 INFO  com.app.Main  - Enter the your email:
[main] 2021-08-19 01:10:35 INFO  com.app.Main  - Enter your Password:
[main] 2021-08-19 01:12:21 INFO  com.app.Main  - ========================================
[main] 2021-08-19 01:12:21 INFO  com.app.Main  - Welcome to the Fashion's APP
[main] 2021-08-19 01:12:21 INFO  com.app.Main  - ========================================
[main] 2021-08-19 01:12:21 INFO  com.app.Main  - 
Login Option:
[main] 2021-08-19 01:12:21 INFO  com.app.Main  - 1)Login as Customer
[main] 2021-08-19 01:12:21 INFO  com.app.Main  - 2)Login as Employee
[main] 2021-08-19 01:12:21 INFO  com.app.Main  - 3)Register a new User
[main] 2021-08-19 01:12:21 INFO  com.app.Main  - 4)EXIT 
[main] 2021-08-19 01:12:21 INFO  com.app.Main  - ENTER YOUR CHOICE(1-4):
[main] 2021-08-19 01:12:25 INFO  com.app.Main  - ========================================
[main] 2021-08-19 01:12:25 INFO  com.app.Main  - Welcome to Customer Login
[main] 2021-08-19 01:12:25 INFO  com.app.Main  - ========================================
[main] 2021-08-19 01:12:25 INFO  com.app.Main  - Enter the your email:
[main] 2021-08-19 01:12:39 INFO  com.app.Main  - Enter your Password:
[main] 2021-08-19 01:12:41 INFO  com.app.Main  - 
Hey customer
[main] 2021-08-19 01:12:41 INFO  com.app.Main  - 1)View Product
[main] 2021-08-19 01:12:41 INFO  com.app.Main  - 2)View Cart
[main] 2021-08-19 01:12:41 INFO  com.app.Main  - 3)EXIT 
[main] 2021-08-19 01:12:41 INFO  com.app.Main  - ENTER YOUR CHOICE(1-3):
[main] 2021-08-19 01:12:51 INFO  com.app.Main  - 
Search product by:
[main] 2021-08-19 01:12:51 INFO  com.app.Main  - 1)Product Name
[main] 2021-08-19 01:12:51 INFO  com.app.Main  - 2)Product Price
[main] 2021-08-19 01:12:51 INFO  com.app.Main  - 3)EXIT 
[main] 2021-08-19 01:12:51 INFO  com.app.Main  - ENTER YOUR CHOICE(1-3):
[main] 2021-08-19 01:12:56 INFO  com.app.Main  - Enter the name of the product to be searched
[main] 2021-08-19 01:14:02 INFO  com.app.Main  - Enter the name of the product to be searched
[main] 2021-08-19 01:14:14 INFO  com.app.Main  - Products found
[main] 2021-08-19 01:14:14 INFO  com.app.Main  - Product ID : 0Product Name : 0
[main] 2021-08-19 01:14:14 INFO  com.app.Main  - 
Search product by:
[main] 2021-08-19 01:14:14 INFO  com.app.Main  - 1)Product Name
[main] 2021-08-19 01:14:14 INFO  com.app.Main  - 2)Product Price
[main] 2021-08-19 01:14:14 INFO  com.app.Main  - 3)EXIT 
[main] 2021-08-19 01:14:14 INFO  com.app.Main  - ENTER YOUR CHOICE(1-3):
[main] 2021-08-19 02:21:31 INFO  com.app.Main  - ========================================
[main] 2021-08-19 02:21:31 INFO  com.app.Main  - Welcome to the Fashion's APP
[main] 2021-08-19 02:21:31 INFO  com.app.Main  - ========================================
[main] 2021-08-19 02:21:31 INFO  com.app.Main  - 
Login Option:
[main] 2021-08-19 02:21:31 INFO  com.app.Main  - 1)Login as Customer
[main] 2021-08-19 02:21:31 INFO  com.app.Main  - 2)Login as Employee
[main] 2021-08-19 02:21:31 INFO  com.app.Main  - 3)Register a new User
[main] 2021-08-19 02:21:31 INFO  com.app.Main  - 4)EXIT 
[main] 2021-08-19 02:21:31 INFO  com.app.Main  - ENTER YOUR CHOICE(1-4):
[main] 2021-08-19 02:22:08 INFO  com.app.Main  - ========================================
[main] 2021-08-19 02:22:08 INFO  com.app.Main  - Welcome to the Fashion's APP
[main] 2021-08-19 02:22:08 INFO  com.app.Main  - ========================================
[main] 2021-08-19 02:22:08 INFO  com.app.Main  - 
Login Option:
[main] 2021-08-19 02:22:08 INFO  com.app.Main  - 1)Login as Customer
[main] 2021-08-19 02:22:08 INFO  com.app.Main  - 2)Login as Employee
[main] 2021-08-19 02:22:08 INFO  com.app.Main  - 3)Register a new User
[main] 2021-08-19 02:22:08 INFO  com.app.Main  - 4)EXIT 
[main] 2021-08-19 02:22:08 INFO  com.app.Main  - ENTER YOUR CHOICE(1-4):
[main] 2021-08-19 02:22:27 INFO  com.app.Main  - ========================================
[main] 2021-08-19 02:22:27 INFO  com.app.Main  - Welcome to the Fashion's APP
[main] 2021-08-19 02:22:27 INFO  com.app.Main  - ========================================
[main] 2021-08-19 02:22:27 INFO  com.app.Main  - 
Login Option:
[main] 2021-08-19 02:22:27 INFO  com.app.Main  - 1)Login as Customer
[main] 2021-08-19 02:22:27 INFO  com.app.Main  - 2)Login as Employee
[main] 2021-08-19 02:22:27 INFO  com.app.Main  - 3)Register a new User
[main] 2021-08-19 02:22:27 INFO  com.app.Main  - 4)EXIT 
[main] 2021-08-19 02:22:27 INFO  com.app.Main  - ENTER YOUR CHOICE(1-4):
[main] 2021-08-19 02:22:35 INFO  com.app.Main  - ========================================
[main] 2021-08-19 02:22:35 INFO  com.app.Main  - Welcome to Customer Login
[main] 2021-08-19 02:22:35 INFO  com.app.Main  - ========================================
[main] 2021-08-19 02:22:35 INFO  com.app.Main  - Enter the your email:
[main] 2021-08-19 02:22:46 INFO  com.app.Main  - Enter your Password:
[main] 2021-08-19 02:22:50 INFO  com.app.Main  - 
Hey customer
[main] 2021-08-19 02:22:50 INFO  com.app.Main  - 1)View Product
[main] 2021-08-19 02:22:50 INFO  com.app.Main  - 2)View Cart
[main] 2021-08-19 02:22:50 INFO  com.app.Main  - 3)EXIT 
[main] 2021-08-19 02:22:50 INFO  com.app.Main  - ENTER YOUR CHOICE(1-3):
[main] 2021-08-19 02:22:53 INFO  com.app.Main  - 
Search product by:
[main] 2021-08-19 02:22:53 INFO  com.app.Main  - 1)Product Name
[main] 2021-08-19 02:22:53 INFO  com.app.Main  - 2)Product Price
[main] 2021-08-19 02:22:53 INFO  com.app.Main  - 3)EXIT 
[main] 2021-08-19 02:22:53 INFO  com.app.Main  - ENTER YOUR CHOICE(1-3):
[main] 2021-08-19 02:22:56 INFO  com.app.Main  - Enter the name of the product to be searched
[main] 2021-08-19 02:23:01 INFO  com.app.Main  - Products found
[main] 2021-08-19 02:23:01 INFO  com.app.Main  - Product ID : 0Product Name : 0
[main] 2021-08-19 02:23:01 INFO  com.app.Main  - 
Search product by:
[main] 2021-08-19 02:23:01 INFO  com.app.Main  - 1)Product Name
[main] 2021-08-19 02:23:01 INFO  com.app.Main  - 2)Product Price
[main] 2021-08-19 02:23:01 INFO  com.app.Main  - 3)EXIT 
[main] 2021-08-19 02:23:01 INFO  com.app.Main  - ENTER YOUR CHOICE(1-3):
[main] 2021-08-19 02:28:23 INFO  com.app.Main  - ========================================
[main] 2021-08-19 02:28:23 INFO  com.app.Main  - Welcome to the Fashion's APP
[main] 2021-08-19 02:28:23 INFO  com.app.Main  - ========================================
[main] 2021-08-19 02:28:23 INFO  com.app.Main  - 
Login Option:
[main] 2021-08-19 02:28:23 INFO  com.app.Main  - 1)Login as Customer
[main] 2021-08-19 02:28:23 INFO  com.app.Main  - 2)Login as Employee
[main] 2021-08-19 02:28:23 INFO  com.app.Main  - 3)Register a new User
[main] 2021-08-19 02:28:23 INFO  com.app.Main  - 4)EXIT 
[main] 2021-08-19 02:28:23 INFO  com.app.Main  - ENTER YOUR CHOICE(1-4):
[main] 2021-08-19 02:28:25 WARN  com.app.Main  - Choose a valid option
[main] 2021-08-19 02:28:25 INFO  com.app.Main  - 
Login Option:
[main] 2021-08-19 02:28:25 INFO  com.app.Main  - 1)Login as Customer
[main] 2021-08-19 02:28:25 INFO  com.app.Main  - 2)Login as Employee
[main] 2021-08-19 02:28:25 INFO  com.app.Main  - 3)Register a new User
[main] 2021-08-19 02:28:25 INFO  com.app.Main  - 4)EXIT 
[main] 2021-08-19 02:28:25 INFO  com.app.Main  - ENTER YOUR CHOICE(1-4):
[main] 2021-08-19 02:28:26 INFO  com.app.Main  - ========================================
[main] 2021-08-19 02:28:26 INFO  com.app.Main  - Welcome to Customer Login
[main] 2021-08-19 02:28:26 INFO  com.app.Main  - ========================================
[main] 2021-08-19 02:28:26 INFO  com.app.Main  - Enter the your email:
[main] 2021-08-19 02:28:34 INFO  com.app.Main  - Enter your Password:
[main] 2021-08-19 02:28:38 INFO  com.app.Main  - 
Hey customer
[main] 2021-08-19 02:28:38 INFO  com.app.Main  - 1)View Product
[main] 2021-08-19 02:28:38 INFO  com.app.Main  - 2)View Cart
[main] 2021-08-19 02:28:38 INFO  com.app.Main  - 3)EXIT 
[main] 2021-08-19 02:28:38 INFO  com.app.Main  - ENTER YOUR CHOICE(1-3):
[main] 2021-08-19 02:28:40 INFO  com.app.Main  - 
Search product by:
[main] 2021-08-19 02:28:40 INFO  com.app.Main  - 1)Product Name
[main] 2021-08-19 02:28:40 INFO  com.app.Main  - 2)Product Price
[main] 2021-08-19 02:28:40 INFO  com.app.Main  - 3)EXIT 
[main] 2021-08-19 02:28:40 INFO  com.app.Main  - ENTER YOUR CHOICE(1-3):
[main] 2021-08-19 02:28:44 INFO  com.app.Main  - Enter the name of the product to be searched
[main] 2021-08-19 02:28:47 INFO  com.app.Main  - Products found
[main] 2021-08-19 02:28:47 INFO  com.app.Main  - Product ID : 0Product Name : 0
[main] 2021-08-19 02:28:47 INFO  com.app.Main  - Product ID : 0Product Name : 0
[main] 2021-08-19 02:28:47 INFO  com.app.Main  - 
Search product by:
[main] 2021-08-19 02:28:47 INFO  com.app.Main  - 1)Product Name
[main] 2021-08-19 02:28:47 INFO  com.app.Main  - 2)Product Price
[main] 2021-08-19 02:28:47 INFO  com.app.Main  - 3)EXIT 
[main] 2021-08-19 02:28:47 INFO  com.app.Main  - ENTER YOUR CHOICE(1-3):
[main] 2021-08-19 02:29:17 INFO  com.app.Main  - ========================================
[main] 2021-08-19 02:29:17 INFO  com.app.Main  - Welcome to the Fashion's APP
[main] 2021-08-19 02:29:17 INFO  com.app.Main  - ========================================
[main] 2021-08-19 02:29:17 INFO  com.app.Main  - 
Login Option:
[main] 2021-08-19 02:29:17 INFO  com.app.Main  - 1)Login as Customer
[main] 2021-08-19 02:29:17 INFO  com.app.Main  - 2)Login as Employee
[main] 2021-08-19 02:29:17 INFO  com.app.Main  - 3)Register a new User
[main] 2021-08-19 02:29:17 INFO  com.app.Main  - 4)EXIT 
[main] 2021-08-19 02:29:17 INFO  com.app.Main  - ENTER YOUR CHOICE(1-4):
[main] 2021-08-19 02:29:20 INFO  com.app.Main  - ========================================
[main] 2021-08-19 02:29:20 INFO  com.app.Main  - Welcome to Customer Login
[main] 2021-08-19 02:29:20 INFO  com.app.Main  - ========================================
[main] 2021-08-19 02:29:20 INFO  com.app.Main  - Enter the your email:
[main] 2021-08-19 02:29:30 INFO  com.app.Main  - Enter your Password:
[main] 2021-08-19 02:29:32 INFO  com.app.Main  - 
Hey customer
[main] 2021-08-19 02:29:32 INFO  com.app.Main  - 1)View Product
[main] 2021-08-19 02:29:32 INFO  com.app.Main  - 2)View Cart
[main] 2021-08-19 02:29:32 INFO  com.app.Main  - 3)EXIT 
[main] 2021-08-19 02:29:32 INFO  com.app.Main  - ENTER YOUR CHOICE(1-3):
[main] 2021-08-19 02:29:45 INFO  com.app.Main  - 
Search product by:
[main] 2021-08-19 02:29:45 INFO  com.app.Main  - 1)Product Name
[main] 2021-08-19 02:29:45 INFO  com.app.Main  - 2)Product Price
[main] 2021-08-19 02:29:45 INFO  com.app.Main  - 3)EXIT 
[main] 2021-08-19 02:29:45 INFO  com.app.Main  - ENTER YOUR CHOICE(1-3):
[main] 2021-08-19 02:29:47 INFO  com.app.Main  - Enter the name of the product to be searched
[main] 2021-08-19 02:29:51 INFO  com.app.Main  - 
Search product by:
[main] 2021-08-19 02:29:51 INFO  com.app.Main  - 1)Product Name
[main] 2021-08-19 02:29:51 INFO  com.app.Main  - 2)Product Price
[main] 2021-08-19 02:29:51 INFO  com.app.Main  - 3)EXIT 
[main] 2021-08-19 02:29:51 INFO  com.app.Main  - ENTER YOUR CHOICE(1-3):
[main] 2021-08-19 02:47:18 INFO  com.app.Main  - ========================================
[main] 2021-08-19 02:47:18 INFO  com.app.Main  - Welcome to the Fashion's APP
[main] 2021-08-19 02:47:18 INFO  com.app.Main  - ========================================
[main] 2021-08-19 02:47:18 INFO  com.app.Main  - 
Login Option:
[main] 2021-08-19 02:47:18 INFO  com.app.Main  - 1)Login as Customer
[main] 2021-08-19 02:47:18 INFO  com.app.Main  - 2)Login as Employee
[main] 2021-08-19 02:47:18 INFO  com.app.Main  - 3)Register a new User
[main] 2021-08-19 02:47:18 INFO  com.app.Main  - 4)EXIT 
[main] 2021-08-19 02:47:18 INFO  com.app.Main  - ENTER YOUR CHOICE(1-4):
[main] 2021-08-19 02:47:29 INFO  com.app.Main  - ========================================
[main] 2021-08-19 02:47:29 INFO  com.app.Main  - Welcome to Customer Login
[main] 2021-08-19 02:47:29 INFO  com.app.Main  - ========================================
[main] 2021-08-19 02:47:29 INFO  com.app.Main  - Enter the your email:
[main] 2021-08-19 02:47:36 INFO  com.app.Main  - Enter your Password:
[main] 2021-08-19 02:47:40 INFO  com.app.Main  - 
Hey customer
[main] 2021-08-19 02:47:40 INFO  com.app.Main  - 1)View Product
[main] 2021-08-19 02:47:40 INFO  com.app.Main  - 2)View Cart
[main] 2021-08-19 02:47:40 INFO  com.app.Main  - 3)EXIT 
[main] 2021-08-19 02:47:40 INFO  com.app.Main  - ENTER YOUR CHOICE(1-3):
[main] 2021-08-19 02:47:43 INFO  com.app.Main  - 
Search product by:
[main] 2021-08-19 02:47:43 INFO  com.app.Main  - 1)Product Name
[main] 2021-08-19 02:47:43 INFO  com.app.Main  - 2)Product Price
[main] 2021-08-19 02:47:43 INFO  com.app.Main  - 3)EXIT 
[main] 2021-08-19 02:47:43 INFO  com.app.Main  - ENTER YOUR CHOICE(1-3):
[main] 2021-08-19 02:47:46 INFO  com.app.Main  - Enter the Price :
[main] 2021-08-19 02:47:51 INFO  com.app.Main  - 
Search product by:
[main] 2021-08-19 02:47:51 INFO  com.app.Main  - 1)Product Name
[main] 2021-08-19 02:47:51 INFO  com.app.Main  - 2)Product Price
[main] 2021-08-19 02:47:51 INFO  com.app.Main  - 3)EXIT 
[main] 2021-08-19 02:47:51 INFO  com.app.Main  - ENTER YOUR CHOICE(1-3):
[main] 2021-08-19 02:52:22 INFO  com.app.Main  - ========================================
[main] 2021-08-19 02:52:22 INFO  com.app.Main  - Welcome to the Fashion's APP
[main] 2021-08-19 02:52:22 INFO  com.app.Main  - ========================================
[main] 2021-08-19 02:52:22 INFO  com.app.Main  - 
Login Option:
[main] 2021-08-19 02:52:22 INFO  com.app.Main  - 1)Login as Customer
[main] 2021-08-19 02:52:22 INFO  com.app.Main  - 2)Login as Employee
[main] 2021-08-19 02:52:22 INFO  com.app.Main  - 3)Register a new User
[main] 2021-08-19 02:52:22 INFO  com.app.Main  - 4)EXIT 
[main] 2021-08-19 02:52:22 INFO  com.app.Main  - ENTER YOUR CHOICE(1-4):
[main] 2021-08-19 02:52:28 INFO  com.app.Main  - ========================================
[main] 2021-08-19 02:52:28 INFO  com.app.Main  - Welcome to Customer Login
[main] 2021-08-19 02:52:28 INFO  com.app.Main  - ========================================
[main] 2021-08-19 02:52:28 INFO  com.app.Main  - Enter the your email:
[main] 2021-08-19 02:52:38 INFO  com.app.Main  - Enter your Password:
[main] 2021-08-19 02:52:58 INFO  com.app.Main  - 
Hey customer
[main] 2021-08-19 02:52:58 INFO  com.app.Main  - 1)View Product
[main] 2021-08-19 02:52:58 INFO  com.app.Main  - 2)View Cart
[main] 2021-08-19 02:52:58 INFO  com.app.Main  - 3)EXIT 
[main] 2021-08-19 02:52:58 INFO  com.app.Main  - ENTER YOUR CHOICE(1-3):
[main] 2021-08-19 02:53:03 INFO  com.app.Main  - 
Search product by:
[main] 2021-08-19 02:53:03 INFO  com.app.Main  - 1)Product Name
[main] 2021-08-19 02:53:03 INFO  com.app.Main  - 2)Product Price
[main] 2021-08-19 02:53:03 INFO  com.app.Main  - 3)EXIT 
[main] 2021-08-19 02:53:03 INFO  com.app.Main  - ENTER YOUR CHOICE(1-3):
[main] 2021-08-19 02:53:07 INFO  com.app.Main  - Enter the Price :
[main] 2021-08-19 02:53:11 INFO  com.app.Main  - 
Search product by:
[main] 2021-08-19 02:53:11 INFO  com.app.Main  - 1)Product Name
[main] 2021-08-19 02:53:11 INFO  com.app.Main  - 2)Product Price
[main] 2021-08-19 02:53:11 INFO  com.app.Main  - 3)EXIT 
[main] 2021-08-19 02:53:11 INFO  com.app.Main  - ENTER YOUR CHOICE(1-3):
[main] 2021-08-19 02:54:12 INFO  com.app.Main  - ========================================
[main] 2021-08-19 02:54:12 INFO  com.app.Main  - Welcome to the Fashion's APP
[main] 2021-08-19 02:54:12 INFO  com.app.Main  - ========================================
[main] 2021-08-19 02:54:12 INFO  com.app.Main  - 
Login Option:
[main] 2021-08-19 02:54:12 INFO  com.app.Main  - 1)Login as Customer
[main] 2021-08-19 02:54:12 INFO  com.app.Main  - 2)Login as Employee
[main] 2021-08-19 02:54:12 INFO  com.app.Main  - 3)Register a new User
[main] 2021-08-19 02:54:12 INFO  com.app.Main  - 4)EXIT 
[main] 2021-08-19 02:54:12 INFO  com.app.Main  - ENTER YOUR CHOICE(1-4):
[main] 2021-08-19 02:54:20 INFO  com.app.Main  - ========================================
[main] 2021-08-19 02:54:20 INFO  com.app.Main  - Welcome to Customer Login
[main] 2021-08-19 02:54:20 INFO  com.app.Main  - ========================================
[main] 2021-08-19 02:54:20 INFO  com.app.Main  - Enter the your email:
[main] 2021-08-19 02:54:27 INFO  com.app.Main  - Enter your Password:
[main] 2021-08-19 02:54:29 INFO  com.app.Main  - 
Hey customer
[main] 2021-08-19 02:54:29 INFO  com.app.Main  - 1)View Product
[main] 2021-08-19 02:54:29 INFO  com.app.Main  - 2)View Cart
[main] 2021-08-19 02:54:29 INFO  com.app.Main  - 3)EXIT 
[main] 2021-08-19 02:54:29 INFO  com.app.Main  - ENTER YOUR CHOICE(1-3):
[main] 2021-08-19 02:54:31 INFO  com.app.Main  - 
Search product by:
[main] 2021-08-19 02:54:31 INFO  com.app.Main  - 1)Product Name
[main] 2021-08-19 02:54:31 INFO  com.app.Main  - 2)Product Price
[main] 2021-08-19 02:54:31 INFO  com.app.Main  - 3)EXIT 
[main] 2021-08-19 02:54:31 INFO  com.app.Main  - ENTER YOUR CHOICE(1-3):
[main] 2021-08-19 02:54:32 INFO  com.app.Main  - Enter the Price :
[main] 2021-08-19 02:54:35 INFO  com.app.Main  - Products found
[main] 2021-08-19 02:54:35 INFO  com.app.Main  - Product ID : 1Product Name : phoneProduct Price5000
[main] 2021-08-19 02:54:35 INFO  com.app.Main  - 
Search product by:
[main] 2021-08-19 02:54:35 INFO  com.app.Main  - 1)Product Name
[main] 2021-08-19 02:54:35 INFO  com.app.Main  - 2)Product Price
[main] 2021-08-19 02:54:35 INFO  com.app.Main  - 3)EXIT 
[main] 2021-08-19 02:54:35 INFO  com.app.Main  - ENTER YOUR CHOICE(1-3):
[main] 2021-08-19 02:55:09 INFO  com.app.Main  - ========================================
[main] 2021-08-19 02:55:09 INFO  com.app.Main  - Welcome to the Fashion's APP
[main] 2021-08-19 02:55:09 INFO  com.app.Main  - ========================================
[main] 2021-08-19 02:55:09 INFO  com.app.Main  - 
Login Option:
[main] 2021-08-19 02:55:09 INFO  com.app.Main  - 1)Login as Customer
[main] 2021-08-19 02:55:09 INFO  com.app.Main  - 2)Login as Employee
[main] 2021-08-19 02:55:09 INFO  com.app.Main  - 3)Register a new User
[main] 2021-08-19 02:55:09 INFO  com.app.Main  - 4)EXIT 
[main] 2021-08-19 02:55:09 INFO  com.app.Main  - ENTER YOUR CHOICE(1-4):
[main] 2021-08-19 02:55:12 INFO  com.app.Main  - ========================================
[main] 2021-08-19 02:55:12 INFO  com.app.Main  - Welcome to Customer Login
[main] 2021-08-19 02:55:12 INFO  com.app.Main  - ========================================
[main] 2021-08-19 02:55:12 INFO  com.app.Main  - Enter the your email:
[main] 2021-08-19 02:55:24 INFO  com.app.Main  - Enter your Password:
[main] 2021-08-19 02:55:27 INFO  com.app.Main  - 
Hey customer
[main] 2021-08-19 02:55:27 INFO  com.app.Main  - 1)View Product
[main] 2021-08-19 02:55:27 INFO  com.app.Main  - 2)View Cart
[main] 2021-08-19 02:55:27 INFO  com.app.Main  - 3)EXIT 
[main] 2021-08-19 02:55:27 INFO  com.app.Main  - ENTER YOUR CHOICE(1-3):
[main] 2021-08-19 02:55:33 INFO  com.app.Main  - 
Search product by:
[main] 2021-08-19 02:55:33 INFO  com.app.Main  - 1)Product Name
[main] 2021-08-19 02:55:33 INFO  com.app.Main  - 2)Product Price
[main] 2021-08-19 02:55:33 INFO  com.app.Main  - 3)EXIT 
[main] 2021-08-19 02:55:33 INFO  com.app.Main  - ENTER YOUR CHOICE(1-3):
[main] 2021-08-19 02:55:37 INFO  com.app.Main  - Enter the Price :
[main] 2021-08-19 02:55:41 INFO  com.app.Main  - Products found
[main] 2021-08-19 02:55:41 INFO  com.app.Main  - Product ID : 1Product Name : phoneProduct Price :5000
[main] 2021-08-19 02:55:41 INFO  com.app.Main  - 
Search product by:
[main] 2021-08-19 02:55:41 INFO  com.app.Main  - 1)Product Name
[main] 2021-08-19 02:55:41 INFO  com.app.Main  - 2)Product Price
[main] 2021-08-19 02:55:41 INFO  com.app.Main  - 3)EXIT 
[main] 2021-08-19 02:55:41 INFO  com.app.Main  - ENTER YOUR CHOICE(1-3):
[main] 2021-08-19 02:56:00 INFO  com.app.Main  - ========================================
[main] 2021-08-19 02:56:00 INFO  com.app.Main  - Welcome to the Fashion's APP
[main] 2021-08-19 02:56:00 INFO  com.app.Main  - ========================================
[main] 2021-08-19 02:56:00 INFO  com.app.Main  - 
Login Option:
[main] 2021-08-19 02:56:00 INFO  com.app.Main  - 1)Login as Customer
[main] 2021-08-19 02:56:00 INFO  com.app.Main  - 2)Login as Employee
[main] 2021-08-19 02:56:00 INFO  com.app.Main  - 3)Register a new User
[main] 2021-08-19 02:56:00 INFO  com.app.Main  - 4)EXIT 
[main] 2021-08-19 02:56:00 INFO  com.app.Main  - ENTER YOUR CHOICE(1-4):
[main] 2021-08-19 02:56:03 INFO  com.app.Main  - ========================================
[main] 2021-08-19 02:56:03 INFO  com.app.Main  - Welcome to Customer Login
[main] 2021-08-19 02:56:03 INFO  com.app.Main  - ========================================
[main] 2021-08-19 02:56:03 INFO  com.app.Main  - Enter the your email:
[main] 2021-08-19 02:56:10 INFO  com.app.Main  - Enter your Password:
[main] 2021-08-19 02:56:14 INFO  com.app.Main  - 
Hey customer
[main] 2021-08-19 02:56:14 INFO  com.app.Main  - 1)View Product
[main] 2021-08-19 02:56:14 INFO  com.app.Main  - 2)View Cart
[main] 2021-08-19 02:56:14 INFO  com.app.Main  - 3)EXIT 
[main] 2021-08-19 02:56:14 INFO  com.app.Main  - ENTER YOUR CHOICE(1-3):
[main] 2021-08-19 02:56:19 INFO  com.app.Main  - 
Search product by:
[main] 2021-08-19 02:56:19 INFO  com.app.Main  - 1)Product Name
[main] 2021-08-19 02:56:19 INFO  com.app.Main  - 2)Product Price
[main] 2021-08-19 02:56:19 INFO  com.app.Main  - 3)EXIT 
[main] 2021-08-19 02:56:19 INFO  com.app.Main  - ENTER YOUR CHOICE(1-3):
[main] 2021-08-19 02:56:24 INFO  com.app.Main  - Enter the Price :
[main] 2021-08-19 02:56:37 INFO  com.app.Main  - Products found
[main] 2021-08-19 02:56:37 INFO  com.app.Main  - Product ID : 1 Product Name : phone Product Price :5000
[main] 2021-08-19 02:56:37 INFO  com.app.Main  - 
Search product by:
[main] 2021-08-19 02:56:37 INFO  com.app.Main  - 1)Product Name
[main] 2021-08-19 02:56:37 INFO  com.app.Main  - 2)Product Price
[main] 2021-08-19 02:56:37 INFO  com.app.Main  - 3)EXIT 
[main] 2021-08-19 02:56:37 INFO  com.app.Main  - ENTER YOUR CHOICE(1-3):
